<?xml version="1.0" encoding="UTF-8"?>
<!-- Generated by org.testng.reporters.JUnitXMLReporter -->
<testsuite ignored="5" hostname="DESKTOP-19MK4S1" failures="1" tests="3" name="edgeTest" time="150.042" errors="0" timestamp="2024-06-10T23:46:02 IST">
  <testcase classname="com.luma.qspiders.endtoendtest.LumaTestCase" name="LumaPrintPrices" time="6.594"/>
  <testcase classname="com.luma.qspiders.endtoendtest.LumaTestCase" name="homePageCheck" time="0.001"/>
  <testcase classname="com.luma.qspiders.endtoendtest.LumaTestCase" name="menSectionCart" time="19.18">
    <failure type="java.lang.AssertionError" message="The following asserts failed:
	expected [1] but found [2]">
      <![CDATA[java.lang.AssertionError: The following asserts failed:
expected [1] but found [2]
at com.luma.qspiders.endtoendtest.LumaTestCase.menSectionCart(LumaTestCase.java:66)
at java.base/java.util.ArrayList.forEach(ArrayList.java:1511)
... Removed 27 stack frames]]>
    </failure>
  </testcase> <!-- menSectionCart -->
  <testcase classname="com.luma.qspiders.endtoendtest.LumaTestCase" name="productRemoving" time="0.0">
    <ignored/>
  </testcase> <!-- productRemoving -->
  <testcase classname="com.luma.qspiders.endtoendtest.LumaTestCase" name="lumaApplyFilterToProduct" time="0.0">
    <ignored/>
  </testcase> <!-- lumaApplyFilterToProduct -->
  <testcase classname="com.luma.qspiders.endtoendtest.LumaTestCase" name="lumaWishListToCartCheck" time="0.0">
    <ignored/>
  </testcase> <!-- lumaWishListToCartCheck -->
  <testcase classname="com.luma.qspiders.endtoendtest.LumaTestCase" name="searchProductWishlist" time="0.0">
    <ignored/>
  </testcase> <!-- searchProductWishlist -->
  <testcase classname="com.luma.qspiders.endtoendtest.LumaTestCase" name="lumaCompareProducts" time="0.0">
    <ignored/>
  </testcase> <!-- lumaCompareProducts -->
</testsuite> <!-- edgeTest -->
