<?xml version="1.0" encoding="UTF-8"?>
<!-- Generated by org.testng.reporters.JUnitXMLReporter -->
<testsuite ignored="0" hostname="DESKTOP-19MK4S1" failures="0" tests="7" name="Test" time="21.29" errors="0" timestamp="2023-08-13T11:55:45 IST">
  <testcase classname="com.luma.qspiders.genericutility.Basics" name="@BeforeMethod configureBeforeMethod" time="3.209">
    <failure type="org.openqa.selenium.StaleElementReferenceException" message="stale element reference: stale element not found
  (Session info: chrome=115.0.5790.171)
For documentation on this error, please visit: https://selenium.dev/exceptions/#stale_element_reference
Build info: version: &amp;apos;4.8.3&amp;apos;, revision: &amp;apos;e5e76298c3&amp;apos;
System info: os.name: &amp;apos;Windows 11&amp;apos;, os.arch: &amp;apos;amd64&amp;apos;, os.version: &amp;apos;10.0&amp;apos;, java.version: &amp;apos;18.0.2.1&amp;apos;
Driver info: org.openqa.selenium.chrome.ChromeDriver
Command: [0adae21f14f7c736867a2fbf8671796e, clickElement {id=93A5F1516576FCF81A995DB0B4D6FE8F_element_29}]
Capabilities {acceptInsecureCerts: false, browserName: chrome, browserVersion: 115.0.5790.171, chrome: {chromedriverVersion: 114.0.5735.90 (386bc09e8f4f..., userDataDir: C:\Users\JAYANTH\AppData\Lo...}, goog:chromeOptions: {debuggerAddress: localhost:56956}, networkConnectionEnabled: false, pageLoadStrategy: normal, platformName: WINDOWS, proxy: Proxy(), se:cdp: ws://localhost:56956/devtoo..., se:cdpVersion: 115.0.5790.171, setWindowRect: true, strictFileInteractability: false, timeouts: {implicit: 0, pageLoad: 300000, script: 30000}, unhandledPromptBehavior: dismiss and notify, webauthn:extension:credBlob: true, webauthn:extension:largeBlob: true, webauthn:extension:minPinLength: true, webauthn:extension:prf: true, webauthn:virtualAuthenticators: true}
Element: [[ChromeDriver: chrome on WINDOWS (0adae21f14f7c736867a2fbf8671796e)] -&amp;gt; xpath: //div[@class=&amp;apos;panel header&amp;apos;]//a[contains(.,&amp;apos;Sign In&amp;apos;)]]
Session ID: 0adae21f14f7c736867a2fbf8671796e">
      <![CDATA[org.openqa.selenium.StaleElementReferenceException: stale element reference: stale element not found
  (Session info: chrome=115.0.5790.171)
For documentation on this error, please visit: https://selenium.dev/exceptions/#stale_element_reference
Build info: version: '4.8.3', revision: 'e5e76298c3'
System info: os.name: 'Windows 11', os.arch: 'amd64', os.version: '10.0', java.version: '18.0.2.1'
Driver info: org.openqa.selenium.chrome.ChromeDriver
Command: [0adae21f14f7c736867a2fbf8671796e, clickElement {id=93A5F1516576FCF81A995DB0B4D6FE8F_element_29}]
Capabilities {acceptInsecureCerts: false, browserName: chrome, browserVersion: 115.0.5790.171, chrome: {chromedriverVersion: 114.0.5735.90 (386bc09e8f4f..., userDataDir: C:\Users\JAYANTH\AppData\Lo...}, goog:chromeOptions: {debuggerAddress: localhost:56956}, networkConnectionEnabled: false, pageLoadStrategy: normal, platformName: WINDOWS, proxy: Proxy(), se:cdp: ws://localhost:56956/devtoo..., se:cdpVersion: 115.0.5790.171, setWindowRect: true, strictFileInteractability: false, timeouts: {implicit: 0, pageLoad: 300000, script: 30000}, unhandledPromptBehavior: dismiss and notify, webauthn:extension:credBlob: true, webauthn:extension:largeBlob: true, webauthn:extension:minPinLength: true, webauthn:extension:prf: true, webauthn:virtualAuthenticators: true}
Element: [[ChromeDriver: chrome on WINDOWS (0adae21f14f7c736867a2fbf8671796e)] -> xpath: //div[@class='panel header']//a[contains(.,'Sign In')]]
Session ID: 0adae21f14f7c736867a2fbf8671796e
at org.openqa.selenium.remote.codec.w3c.W3CHttpResponseCodec.createException(W3CHttpResponseCodec.java:200)
at org.openqa.selenium.remote.codec.w3c.W3CHttpResponseCodec.decode(W3CHttpResponseCodec.java:133)
at org.openqa.selenium.remote.codec.w3c.W3CHttpResponseCodec.decode(W3CHttpResponseCodec.java:53)
at org.openqa.selenium.remote.HttpCommandExecutor.execute(HttpCommandExecutor.java:193)
at org.openqa.selenium.remote.service.DriverCommandExecutor.invokeExecute(DriverCommandExecutor.java:183)
at org.openqa.selenium.remote.service.DriverCommandExecutor.execute(DriverCommandExecutor.java:158)
at org.openqa.selenium.remote.RemoteWebDriver.execute(RemoteWebDriver.java:543)
at org.openqa.selenium.remote.RemoteWebElement.execute(RemoteWebElement.java:257)
at org.openqa.selenium.remote.RemoteWebElement.click(RemoteWebElement.java:78)
at org.openqa.selenium.support.pagefactory.internal.LocatingElementHandler.invoke(LocatingElementHandler.java:52)
at jdk.proxy2/jdk.proxy2.$Proxy18.click(Unknown Source)
at com.luma.qspiders.genericutility.Basics.configureBeforeMethod(Basics.java:48)
at java.base/java.util.concurrent.ThreadPoolExecutor.runWorker(ThreadPoolExecutor.java:1136)
at java.base/java.util.concurrent.ThreadPoolExecutor$Worker.run(ThreadPoolExecutor.java:635)
at java.base/java.lang.Thread.run(Thread.java:833)
... Removed 19 stack frames]]>
    </failure>
  </testcase> <!-- @BeforeMethod configureBeforeMethod -->
  <testcase classname="com.luma.qspiders.genericutility.Basics" name="@AfterMethod configureAfterMethod" time="0.0">
    <skipped/>
  </testcase> <!-- @AfterMethod configureAfterMethod -->
  <testcase classname="com.luma.qspiders.genericutility.Basics" name="@BeforeMethod configureBeforeMethod" time="0.0">
    <skipped/>
  </testcase> <!-- @BeforeMethod configureBeforeMethod -->
  <testcase classname="com.luma.qspiders.genericutility.Basics" name="@AfterMethod configureAfterMethod" time="0.0">
    <skipped/>
  </testcase> <!-- @AfterMethod configureAfterMethod -->
  <testcase classname="com.luma.qspiders.genericutility.Basics" name="@BeforeMethod configureBeforeMethod" time="0.0">
    <skipped/>
  </testcase> <!-- @BeforeMethod configureBeforeMethod -->
  <testcase classname="com.luma.qspiders.genericutility.Basics" name="@AfterMethod configureAfterMethod" time="0.0">
    <skipped/>
  </testcase> <!-- @AfterMethod configureAfterMethod -->
  <testcase classname="com.luma.qspiders.genericutility.Basics" name="@BeforeMethod configureBeforeMethod" time="0.0">
    <skipped/>
  </testcase> <!-- @BeforeMethod configureBeforeMethod -->
  <testcase classname="com.luma.qspiders.genericutility.Basics" name="@AfterMethod configureAfterMethod" time="0.0">
    <skipped/>
  </testcase> <!-- @AfterMethod configureAfterMethod -->
  <testcase classname="com.luma.qspiders.genericutility.Basics" name="@BeforeMethod configureBeforeMethod" time="0.0">
    <skipped/>
  </testcase> <!-- @BeforeMethod configureBeforeMethod -->
  <testcase classname="com.luma.qspiders.genericutility.Basics" name="@AfterMethod configureAfterMethod" time="0.0">
    <skipped/>
  </testcase> <!-- @AfterMethod configureAfterMethod -->
  <testcase classname="com.luma.qspiders.genericutility.Basics" name="@BeforeMethod configureBeforeMethod" time="3.433">
    <failure type="org.openqa.selenium.StaleElementReferenceException" message="stale element reference: stale element not found
  (Session info: chrome=115.0.5790.171)
For documentation on this error, please visit: https://selenium.dev/exceptions/#stale_element_reference
Build info: version: &amp;apos;4.8.3&amp;apos;, revision: &amp;apos;e5e76298c3&amp;apos;
System info: os.name: &amp;apos;Windows 11&amp;apos;, os.arch: &amp;apos;amd64&amp;apos;, os.version: &amp;apos;10.0&amp;apos;, java.version: &amp;apos;18.0.2.1&amp;apos;
Driver info: org.openqa.selenium.chrome.ChromeDriver
Command: [0adae21f14f7c736867a2fbf8671796e, clickElement {id=93A5F1516576FCF81A995DB0B4D6FE8F_element_29}]
Capabilities {acceptInsecureCerts: false, browserName: chrome, browserVersion: 115.0.5790.171, chrome: {chromedriverVersion: 114.0.5735.90 (386bc09e8f4f..., userDataDir: C:\Users\JAYANTH\AppData\Lo...}, goog:chromeOptions: {debuggerAddress: localhost:56956}, networkConnectionEnabled: false, pageLoadStrategy: normal, platformName: WINDOWS, proxy: Proxy(), se:cdp: ws://localhost:56956/devtoo..., se:cdpVersion: 115.0.5790.171, setWindowRect: true, strictFileInteractability: false, timeouts: {implicit: 0, pageLoad: 300000, script: 30000}, unhandledPromptBehavior: dismiss and notify, webauthn:extension:credBlob: true, webauthn:extension:largeBlob: true, webauthn:extension:minPinLength: true, webauthn:extension:prf: true, webauthn:virtualAuthenticators: true}
Element: [[ChromeDriver: chrome on WINDOWS (0adae21f14f7c736867a2fbf8671796e)] -&amp;gt; xpath: //div[@class=&amp;apos;panel header&amp;apos;]//a[contains(.,&amp;apos;Sign In&amp;apos;)]]
Session ID: 0adae21f14f7c736867a2fbf8671796e">
      <![CDATA[org.openqa.selenium.StaleElementReferenceException: stale element reference: stale element not found
  (Session info: chrome=115.0.5790.171)
For documentation on this error, please visit: https://selenium.dev/exceptions/#stale_element_reference
Build info: version: '4.8.3', revision: 'e5e76298c3'
System info: os.name: 'Windows 11', os.arch: 'amd64', os.version: '10.0', java.version: '18.0.2.1'
Driver info: org.openqa.selenium.chrome.ChromeDriver
Command: [0adae21f14f7c736867a2fbf8671796e, clickElement {id=93A5F1516576FCF81A995DB0B4D6FE8F_element_29}]
Capabilities {acceptInsecureCerts: false, browserName: chrome, browserVersion: 115.0.5790.171, chrome: {chromedriverVersion: 114.0.5735.90 (386bc09e8f4f..., userDataDir: C:\Users\JAYANTH\AppData\Lo...}, goog:chromeOptions: {debuggerAddress: localhost:56956}, networkConnectionEnabled: false, pageLoadStrategy: normal, platformName: WINDOWS, proxy: Proxy(), se:cdp: ws://localhost:56956/devtoo..., se:cdpVersion: 115.0.5790.171, setWindowRect: true, strictFileInteractability: false, timeouts: {implicit: 0, pageLoad: 300000, script: 30000}, unhandledPromptBehavior: dismiss and notify, webauthn:extension:credBlob: true, webauthn:extension:largeBlob: true, webauthn:extension:minPinLength: true, webauthn:extension:prf: true, webauthn:virtualAuthenticators: true}
Element: [[ChromeDriver: chrome on WINDOWS (0adae21f14f7c736867a2fbf8671796e)] -> xpath: //div[@class='panel header']//a[contains(.,'Sign In')]]
Session ID: 0adae21f14f7c736867a2fbf8671796e
at org.openqa.selenium.remote.codec.w3c.W3CHttpResponseCodec.createException(W3CHttpResponseCodec.java:200)
at org.openqa.selenium.remote.codec.w3c.W3CHttpResponseCodec.decode(W3CHttpResponseCodec.java:133)
at org.openqa.selenium.remote.codec.w3c.W3CHttpResponseCodec.decode(W3CHttpResponseCodec.java:53)
at org.openqa.selenium.remote.HttpCommandExecutor.execute(HttpCommandExecutor.java:193)
at org.openqa.selenium.remote.service.DriverCommandExecutor.invokeExecute(DriverCommandExecutor.java:183)
at org.openqa.selenium.remote.service.DriverCommandExecutor.execute(DriverCommandExecutor.java:158)
at org.openqa.selenium.remote.RemoteWebDriver.execute(RemoteWebDriver.java:543)
at org.openqa.selenium.remote.RemoteWebElement.execute(RemoteWebElement.java:257)
at org.openqa.selenium.remote.RemoteWebElement.click(RemoteWebElement.java:78)
at org.openqa.selenium.support.pagefactory.internal.LocatingElementHandler.invoke(LocatingElementHandler.java:52)
at jdk.proxy2/jdk.proxy2.$Proxy18.click(Unknown Source)
at com.luma.qspiders.genericutility.Basics.configureBeforeMethod(Basics.java:48)
at java.base/java.util.concurrent.ThreadPoolExecutor.runWorker(ThreadPoolExecutor.java:1136)
at java.base/java.util.concurrent.ThreadPoolExecutor$Worker.run(ThreadPoolExecutor.java:635)
at java.base/java.lang.Thread.run(Thread.java:833)
... Removed 19 stack frames]]>
    </failure>
  </testcase> <!-- @BeforeMethod configureBeforeMethod -->
  <testcase classname="com.luma.qspiders.genericutility.Basics" name="@AfterMethod configureAfterMethod" time="0.0">
    <skipped/>
  </testcase> <!-- @AfterMethod configureAfterMethod -->
  <testcase classname="com.luma.qspiders.genericutility.Basics" name="@AfterMethod configureAfterMethod" time="0.0">
    <skipped/>
  </testcase> <!-- @AfterMethod configureAfterMethod -->
  <testcase classname="com.luma.qspiders.genericutility.Basics" name="@AfterClass configureAfterClass" time="0.0">
    <skipped/>
  </testcase> <!-- @AfterClass configureAfterClass -->
  <testcase classname="com.luma.qspiders.endtoendtest.LumaTestCase" name="LumaWishListToCartCheck" time="0.0">
    <skipped/>
  </testcase> <!-- LumaWishListToCartCheck -->
  <testcase classname="com.luma.qspiders.endtoendtest.LumaTestCase" name="homePageCheck" time="0.0">
    <skipped/>
  </testcase> <!-- homePageCheck -->
  <testcase classname="com.luma.qspiders.endtoendtest.LumaTestCase" name="lumaCompareProducts" time="0.0">
    <skipped/>
  </testcase> <!-- lumaCompareProducts -->
  <testcase classname="com.luma.qspiders.endtoendtest.LumaTestCase" name="menSectionCart" time="0.0">
    <skipped/>
  </testcase> <!-- menSectionCart -->
  <testcase classname="com.luma.qspiders.endtoendtest.LumaTestCase" name="searchProductWishlist" time="0.0">
    <skipped/>
  </testcase> <!-- searchProductWishlist -->
  <testcase classname="com.luma.qspiders.endtoendtest.LumaTestCase" name="LumaApplyFilterToProduct" time="0.0">
    <skipped/>
  </testcase> <!-- LumaApplyFilterToProduct -->
  <testcase classname="com.luma.qspiders.endtoendtest.LumaTestCase" name="ProductRemoving" time="0.0">
    <skipped/>
  </testcase> <!-- ProductRemoving -->
</testsuite> <!-- Test -->
